Connection established to port 6000
Message sent to port 6000: LIST
List operation started
Message received from port 6000: LIST
List operation successfully completed
Message sent to port 6000: STORE test1.txt 6
Store operation started for file test1.txt
Message received from port 6000: STORE_TO 6100
Controller replied to store test1.txt in these Dstores: 6100 
Connection established to port 6100
Message sent to port 6100: STORE test1.txt 6
Storing file test1.txt to Dstore 6100
Message received from port 6100: ACK
ACK received from Dstore 6100 to store file test1.txt
Store of file test1.txt to Dstore 6100 successfully completed
Message received from port 6000: STORE_COMPLETE
Store operation for file test1.txt completed
Message sent to port 6000: STORE test6.txt 8
Store operation started for file test6.txt
Message received from port 6000: STORE_TO 6100
Controller replied to store test6.txt in these Dstores: 6100 
Connection established to port 6100
Message sent to port 6100: STORE test6.txt 8
Storing file test6.txt to Dstore 6100
Message received from port 6100: ACK
ACK received from Dstore 6100 to store file test6.txt
Store of file test6.txt to Dstore 6100 successfully completed
Message received from port 6000: STORE_COMPLETE
Store operation for file test6.txt completed
Message sent to port 6000: LIST
List operation started
Message received from port 6000: LIST test6.txt test1.txt
List operation successfully completed
Message sent to port 6000: LOAD test6.txt
Load operation for file test6.txt started
Message received from port 6000: LOAD_FROM 6100 8
Controller replied to load file test6.txt (size: 8 bytes) from Dstore 6100
Connection established to port 6100
Message sent to port 6100: LOAD_DATA test6.txt
Loading file test6.txt from Dstore 6100
Load operation of file test6.txt from Dstore 6100 successfully completed
Message sent to port 6000: LOAD test1.txt
Load operation for file test1.txt started
Message received from port 6000: LOAD_FROM 6100 6
Controller replied to load file test1.txt (size: 6 bytes) from Dstore 6100
Connection established to port 6100
Message sent to port 6100: LOAD_DATA test1.txt
Loading file test1.txt from Dstore 6100
Load operation of file test1.txt from Dstore 6100 successfully completed
