[6000<-51561] JOIN 6100
[New Dstore 6100 6000<-51561]
[6000->51561] LIST
[6000<-51561] 
[6000->51561] REBALANCE 0 0
[51563<-6100] REBALANCE COMPLETE
[6000<-51569] JOIN 6200
[New Dstore 6200 6000<-51569]
[6000->51561] LIST
[6000<-51561] 
[6000->51569] LIST
[6000<-51569] 
[6000->51561] REBALANCE 0 0
[51572<-6100] REBALANCE COMPLETE
[6000->51569] REBALANCE 0 0
[51573<-6200] REBALANCE COMPLETE
[6000<-51579] JOIN 6300
[New Dstore 6300 6000<-51579]
[6000->51561] LIST
[6000<-51561] 
[6000->51569] LIST
[6000<-51569] 
[6000->51579] LIST
[6000<-51579] 
[6000->51561] REBALANCE 0 0
[51583<-6100] REBALANCE COMPLETE
[6000->51569] REBALANCE 0 0
[51584<-6200] REBALANCE COMPLETE
[6000->51579] REBALANCE 0 0
[51585<-6300] REBALANCE COMPLETE
[6000<-51593] STORE Test1.txt 6
[6000->51593] STORE_TO 6100 6200
[6000<-51561] STORE_ACK Test1.txt
[6000<-51569] STORE_ACK Test1.txt
[6000->51593] STORE_COMPLETE
[6000<-51593] STORE Test2.txt 7
[6000->51593] STORE_TO 6300 6100
[6000<-51561] STORE_ACK Test2.txt
[6000<-51579] STORE_ACK Test2.txt
[6000->51593] STORE_COMPLETE
[6000<-51593] STORE Test3.txt 9
[6000->51593] STORE_TO 6300 6200
[6000<-51579] STORE_ACK Test3.txt
[6000<-51569] STORE_ACK Test3.txt
[6000->51593] STORE_COMPLETE
[6000<-51593] STORE Test4.txt 8
[6000->51593] STORE_TO 6300 6200
[6000<-51579] STORE_ACK Test4.txt
[6000<-51569] STORE_ACK Test4.txt
[6000->51593] STORE_COMPLETE
[6000<-51593] STORE Test5.txt 6
[6000->51593] STORE_TO 6100 6300
[6000<-51561] STORE_ACK Test5.txt
[6000<-51579] STORE_ACK Test5.txt
[6000->51593] STORE_COMPLETE
[6000<-51593] STORE Test6.txt 8
[6000->51593] STORE_TO 6100 6200
[6000<-51561] STORE_ACK Test6.txt
[6000<-51569] STORE_ACK Test6.txt
[6000->51593] STORE_COMPLETE
[6000<-51593] STORE Test7.txt 6
[6000->51593] STORE_TO 6100 6200
[6000<-51561] STORE_ACK Test7.txt
[6000<-51569] STORE_ACK Test7.txt
[6000->51593] STORE_COMPLETE
[6000<-51593] LOAD Test1.txt
[6000->51593] LOAD_FROM 6100 6
[6000<-51593] LOAD Test2.txt
[6000->51593] LOAD_FROM 6100 7
[6000<-51593] LOAD Test3.txt
[6000->51593] LOAD_FROM 6200 9
[6000<-51593] LOAD Test4.txt
[6000->51593] LOAD_FROM 6200 8
[6000<-51593] LOAD Test5.txt
[6000->51593] LOAD_FROM 6100 6
[6000<-51593] LOAD Test6.txt
[6000->51593] LOAD_FROM 6100 8
[6000<-51593] LOAD Test7.txt
[6000->51593] LOAD_FROM 6100 6
[6000<-51593] LIST
[6000->51593] LIST Test3.txt Test6.txt Test7.txt Test4.txt Test2.txt Test1.txt Test5.txt
[6000<-51593] REMOVE Test1.txt
[6000->51593] REMOVE Test1.txt
[6000->51593] REMOVE Test1.txt
[6000<-51561] REMOVE_ACK Test1.txt
[6000<-51569] REMOVE_ACK Test1.txt
[6000->51593] REMOVE_COMPLETE
[6000<-51593] REMOVE Test2.txt
[6000->51593] REMOVE Test2.txt
[6000->51593] REMOVE Test2.txt
[6000<-51561] REMOVE_ACK Test2.txt
[6000<-51579] REMOVE_ACK Test2.txt
[6000->51593] REMOVE_COMPLETE
[6000<-51593] REMOVE Test3.txt
[6000->51593] REMOVE Test3.txt
[6000->51593] REMOVE Test3.txt
[6000<-51569] REMOVE_ACK Test3.txt
[6000<-51579] REMOVE_ACK Test3.txt
[6000->51593] REMOVE_COMPLETE
[6000<-51593] REMOVE Test4.txt
[6000->51593] REMOVE Test4.txt
[6000->51593] REMOVE Test4.txt
[6000<-51569] REMOVE_ACK Test4.txt
[6000<-51579] REMOVE_ACK Test4.txt
[6000->51593] REMOVE_COMPLETE
[6000<-51593] REMOVE Test5.txt
[6000->51593] REMOVE Test5.txt
[6000->51593] REMOVE Test5.txt
[6000<-51561] REMOVE_ACK Test5.txt
[6000<-51579] REMOVE_ACK Test5.txt
[6000->51593] REMOVE_COMPLETE
[6000<-51593] REMOVE Test6.txt
[6000->51593] REMOVE Test6.txt
[6000->51593] REMOVE Test6.txt
[6000<-51569] REMOVE_ACK Test6.txt
[6000<-51561] REMOVE_ACK Test6.txt
[6000->51593] REMOVE_COMPLETE
[6000<-51593] REMOVE Test7.txt
[6000->51593] REMOVE Test7.txt
[6000->51593] REMOVE Test7.txt
[6000<-51561] REMOVE_ACK Test7.txt
[6000<-51569] REMOVE_ACK Test7.txt
[6000->51593] REMOVE_COMPLETE
[6000->51561] LIST
[6000<-51561] 
[6000->51569] LIST
[6000<-51569] 
[6000->51579] LIST
[6000<-51579] 
[6000->51561] REBALANCE 0 0
[51642<-6100] REBALANCE COMPLETE
[6000->51569] REBALANCE 0 0
[51643<-6200] REBALANCE COMPLETE
[6000->51579] REBALANCE 0 0
[51644<-6300] REBALANCE COMPLETE
