[51579->6000] JOIN 6300
[6300<-51582] LIST
[6300->51582] 
[6300<-51585] REBALANCE 0 0
[6300->51585] REBALANCE COMPLETE
[6300<-51596] STORE Test2.txt 7
[6300->51596] ACK
false
[51579->6000] STORE_ACK Test2.txt
[6300<-51598] STORE Test3.txt 9
[6300->51598] ACK
false
[51579->6000] STORE_ACK Test3.txt
[6300<-51600] STORE Test4.txt 8
[6300->51600] ACK
false
[51579->6000] STORE_ACK Test4.txt
[6300<-51603] STORE Test5.txt 6
[6300->51603] ACK
false
[51579->6000] STORE_ACK Test5.txt
[6300<-51620] REMOVE Test2.txt
[51579->6000] REMOVE_ACK Test2.txt
[6300<-51623] REMOVE Test3.txt
[51579->6000] REMOVE_ACK Test3.txt
[6300<-51626] REMOVE Test4.txt
[51579->6000] REMOVE_ACK Test4.txt
[6300<-51629] REMOVE Test5.txt
[51579->6000] REMOVE_ACK Test5.txt
[6300<-51641] LIST
[6300->51641] 
[6300<-51644] REBALANCE 0 0
[6300->51644] REBALANCE COMPLETE
