[51561->6000] JOIN 6100
[6100<-51562] LIST
[6100->51562] 
[6100<-51563] REBALANCE 0 0
[6100->51563] REBALANCE COMPLETE
[6100<-51570] LIST
[6100->51570] 
[6100<-51572] REBALANCE 0 0
[6100->51572] REBALANCE COMPLETE
[6100<-51580] LIST
[6100->51580] 
[6100<-51583] REBALANCE 0 0
[6100->51583] REBALANCE COMPLETE
[6100<-51594] STORE Test1.txt 6
[6100->51594] ACK
false
[51561->6000] STORE_ACK Test1.txt
[6100<-51597] STORE Test2.txt 7
[6100->51597] ACK
false
[51561->6000] STORE_ACK Test2.txt
[6100<-51602] STORE Test5.txt 6
[6100->51602] ACK
false
[51561->6000] STORE_ACK Test5.txt
[6100<-51604] STORE Test6.txt 8
[6100->51604] ACK
false
[51561->6000] STORE_ACK Test6.txt
[6100<-51606] STORE Test7.txt 6
[6100->51606] ACK
false
[51561->6000] STORE_ACK Test7.txt
[6100<-51608] LOAD_DATA Test1.txt
[6100->51608] [77, 111, 110, 100, 97, 121]
[6100<-51609] LOAD_DATA Test2.txt
[6100->51609] [84, 117, 101, 115, 100, 97, 121]
[6100<-51612] LOAD_DATA Test5.txt
[6100->51612] [70, 114, 105, 100, 97, 121]
[6100<-51613] LOAD_DATA Test6.txt
[6100->51613] [83, 97, 116, 117, 114, 100, 97, 121]
[6100<-51614] LOAD_DATA Test7.txt
[6100->51614] [83, 117, 110, 100, 97, 121]
[6100<-51615] REMOVE Test1.txt
[51561->6000] REMOVE_ACK Test1.txt
[6100<-51618] REMOVE Test2.txt
[51561->6000] REMOVE_ACK Test2.txt
[6100<-51627] REMOVE Test5.txt
[51561->6000] REMOVE_ACK Test5.txt
[6100<-51630] REMOVE Test6.txt
[51561->6000] REMOVE_ACK Test6.txt
[6100<-51633] REMOVE Test7.txt
[51561->6000] REMOVE_ACK Test7.txt
[6100<-51639] LIST
[6100->51639] 
[6100<-51642] REBALANCE 0 0
[6100->51642] REBALANCE COMPLETE
