[51569->6000] JOIN 6200
[6200<-51571] LIST
[6200->51571] 
[6200<-51573] REBALANCE 0 0
[6200->51573] REBALANCE COMPLETE
[6200<-51581] LIST
[6200->51581] 
[6200<-51584] REBALANCE 0 0
[6200->51584] REBALANCE COMPLETE
[6200<-51595] STORE Test1.txt 6
[6200->51595] ACK
false
[51569->6000] STORE_ACK Test1.txt
[6200<-51599] STORE Test3.txt 9
[6200->51599] ACK
false
[51569->6000] STORE_ACK Test3.txt
[6200<-51601] STORE Test4.txt 8
[6200->51601] ACK
false
[51569->6000] STORE_ACK Test4.txt
[6200<-51605] STORE Test6.txt 8
[6200->51605] ACK
false
[51569->6000] STORE_ACK Test6.txt
[6200<-51607] STORE Test7.txt 6
[6200->51607] ACK
false
[51569->6000] STORE_ACK Test7.txt
[6200<-51610] LOAD_DATA Test3.txt
[6200->51610] [87, 101, 100, 110, 101, 115, 100, 97, 121]
[6200<-51611] LOAD_DATA Test4.txt
[6200->51611] [84, 104, 117, 114, 115, 100, 97, 121]
[6200<-51616] REMOVE Test1.txt
[51569->6000] REMOVE_ACK Test1.txt
[6200<-51622] REMOVE Test3.txt
[51569->6000] REMOVE_ACK Test3.txt
[6200<-51625] REMOVE Test4.txt
[51569->6000] REMOVE_ACK Test4.txt
[6200<-51631] REMOVE Test6.txt
[51569->6000] REMOVE_ACK Test6.txt
[6200<-51634] REMOVE Test7.txt
[51569->6000] REMOVE_ACK Test7.txt
[6200<-51640] LIST
[6200->51640] 
[6200<-51643] REBALANCE 0 0
[6200->51643] REBALANCE COMPLETE
